<?xml version="1.0" encoding="UTF-8"?>
<testng-results ignored="0" total="1" passed="1" failed="0" skipped="0">
  <reporter-output>
  </reporter-output>
  <suite started-at="2024-02-15T09:11:29 IST" name="Default suite" finished-at="2024-02-15T09:11:52 IST" duration-ms="23042">
    <groups>
    </groups>
    <test started-at="2024-02-15T09:11:29 IST" name="Default test" finished-at="2024-02-15T09:11:52 IST" duration-ms="23042">
      <class name="testcases.LoginTest">
        <test-method is-config="true" signature="setupApplication()[pri:0, instance:testcases.LoginTest@4c60d6e9]" started-at="2024-02-15T09:11:29 IST" name="setupApplication" finished-at="2024-02-15T09:11:34 IST" duration-ms="4839" status="PASS">
          <reporter-output>
          </reporter-output>
        </test-method> <!-- setupApplication -->
        <test-method signature="loginWithValidCredentials(java.lang.String,java.lang.String)[pri:0, instance:testcases.LoginTest@4c60d6e9]" started-at="2024-02-15T09:11:35 IST" name="loginWithValidCredentials" data-provider="userData" finished-at="2024-02-15T09:11:51 IST" duration-ms="16381" status="PASS">
          <params>
            <param index="0">
              <value>
                <![CDATA[admin@email.com]]>
              </value>
            </param>
            <param index="1">
              <value>
                <![CDATA[admin@123]]>
              </value>
            </param>
          </params>
          <reporter-output>
          </reporter-output>
        </test-method> <!-- loginWithValidCredentials -->
        <test-method is-config="true" signature="tearDownApplication()[pri:0, instance:testcases.LoginTest@4c60d6e9]" started-at="2024-02-15T09:11:51 IST" name="tearDownApplication" finished-at="2024-02-15T09:11:52 IST" duration-ms="565" status="PASS">
          <reporter-output>
          </reporter-output>
        </test-method> <!-- tearDownApplication -->
      </class> <!-- testcases.LoginTest -->
    </test> <!-- Default test -->
  </suite> <!-- Default suite -->
</testng-results>
