<?xml version="1.0" encoding="UTF-8"?>
<testng-results ignored="0" total="1" passed="1" failed="0" skipped="0">
  <reporter-output>
  </reporter-output>
  <suite started-at="2024-02-27T08:32:07Z" name="Default suite" finished-at="2024-02-27T08:32:13Z" duration-ms="6161">
    <groups>
    </groups>
    <test started-at="2024-02-27T08:32:07Z" name="Default test" finished-at="2024-02-27T08:32:13Z" duration-ms="6161">
      <class name="testcases.NewddddTest">
        <test-method signature="fTest()[pri:0, instance:testcases.NewddddTest@291a7e3c]" started-at="2024-02-27T14:02:07Z" name="fTest" finished-at="2024-02-27T14:02:13Z" duration-ms="6104" status="PASS">
          <reporter-output>
          </reporter-output>
        </test-method> <!-- fTest -->
      </class> <!-- testcases.NewddddTest -->
    </test> <!-- Default test -->
  </suite> <!-- Default suite -->
</testng-results>
